<?xml version="1.0" encoding="UTF-8"?>
<!-- Generated by org.testng.reporters.JUnitXMLReporter -->
<testsuite hostname="TUTUCOMP2" ignored="0" name="Test" tests="1" failures="1" timestamp="04 Apr 2019 11:33:30 GMT" time="0.597" errors="0">
  <testcase name="loginTest" time="0.559" classname="com.qa.hs.tests.LoginTest">
    <failure type="java.lang.NullPointerException">
      <![CDATA[java.lang.NullPointerException
at com.qa.hs.keyword.engine.KeyWordEngine.startExecution(KeyWordEngine.java:57)
at com.qa.hs.tests.LoginTest.loginTest(LoginTest.java:14)
... Removed 25 stack frames]]>
    </failure>
  </testcase> <!-- loginTest -->
</testsuite> <!-- Test -->
